\BOOKMARK [1][-]{Rfn.Boxplot.Rul.LB.1}{\376\377\000B\000o\000x\000p\000l\000o\000t\000\137\000L\000B}{}% 1
\BOOKMARK [1][-]{Rfn.cont.Rul.var.Rul.test.Rul.LB.1}{\376\377\000c\000o\000n\000t\000\137\000v\000a\000r\000\137\000t\000e\000s\000t\000\137\000L\000B}{}% 2
\BOOKMARK [1][-]{Rfn.correlazioni.Rul.LB.1}{\376\377\000c\000o\000r\000r\000e\000l\000a\000z\000i\000o\000n\000i\000\137\000L\000B}{}% 3
\BOOKMARK [1][-]{Rfn.filename.Rul.LB.1}{\376\377\000f\000i\000l\000e\000n\000a\000m\000e\000\137\000L\000B}{}% 4
\BOOKMARK [1][-]{Rfn.formatz.Rul.p.1}{\376\377\000f\000o\000r\000m\000a\000t\000z\000\137\000p}{}% 5
\BOOKMARK [1][-]{Rfn.Kmax.Rul.aim.Rul.LB.1}{\376\377\000K\000m\000a\000x\000\137\000a\000i\000m\000\137\000L\000B}{}% 6
\BOOKMARK [1][-]{Rfn.KM.Rul.LB.1}{\376\377\000K\000M\000\137\000L\000B}{}% 7
\BOOKMARK [1][-]{Rfn.Lineplots.Rul.LB.1}{\376\377\000L\000i\000n\000e\000p\000l\000o\000t\000s\000\137\000L\000B}{}% 8
\BOOKMARK [1][-]{Rfn.LL.Rul.Descrittive.1}{\376\377\000L\000L\000\137\000D\000e\000s\000c\000r\000i\000t\000t\000i\000v\000e}{}% 9
\BOOKMARK [1][-]{Rfn.LL.Rul.fisher.Rul.gt.Rul.flex.1}{\376\377\000L\000L\000\137\000f\000i\000s\000h\000e\000r\000\137\000g\000t\000\137\000f\000l\000e\000x}{}% 10
\BOOKMARK [1][-]{Rfn.LL.Rul.Npsurv.Rul.format.1}{\376\377\000L\000L\000\137\000N\000p\000s\000u\000r\000v\000\137\000f\000o\000r\000m\000a\000t}{}% 11
\BOOKMARK [1][-]{Rfn.LL.Rul.Tapply.Rul.f.1}{\376\377\000L\000L\000\137\000T\000a\000p\000p\000l\000y\000\137\000f}{}% 12
\BOOKMARK [1][-]{Rfn.multivariate.Rul.LL.1}{\376\377\000m\000u\000l\000t\000i\000v\000a\000r\000i\000a\000t\000e\000\137\000L\000L}{}% 13
\BOOKMARK [1][-]{Rfn.New.Rul.Project.Rul.LB.1}{\376\377\000N\000e\000w\000\137\000P\000r\000o\000j\000e\000c\000t\000\137\000L\000B}{}% 14
\BOOKMARK [1][-]{Rfn.output.aim.f.1}{\376\377\000o\000u\000t\000p\000u\000t\000.\000a\000i\000m\000.\000f}{}% 15
\BOOKMARK [1][-]{Rfn.PDF.Rul.print.Rul.LB.1}{\376\377\000P\000D\000F\000\137\000p\000r\000i\000n\000t\000\137\000L\000B}{}% 16
\BOOKMARK [1][-]{Rfn.Stringa.Rul.LL.1}{\376\377\000S\000t\000r\000i\000n\000g\000a\000\137\000L\000L}{}% 17
\BOOKMARK [1][-]{Rfn.Sys.Rul.Time.Rul.LB.1}{\376\377\000S\000y\000s\000\137\000T\000i\000m\000e\000\137\000L\000B}{}% 18
\BOOKMARK [1][-]{Rfn.telegram.Rul.mess.Rul.LB.1}{\376\377\000t\000e\000l\000e\000g\000r\000a\000m\000\137\000m\000e\000s\000s\000\137\000L\000B}{}% 19
\BOOKMARK [1][-]{Rfn.univariate.Rul.LL.1}{\376\377\000u\000n\000i\000v\000a\000r\000i\000a\000t\000e\000\137\000L\000L}{}% 20
\BOOKMARK [1][-]{Rfn.vett.quoted.1}{\376\377\000v\000e\000t\000t\000.\000q\000u\000o\000t\000e\000d}{}% 21
